<?xml version="1.0" encoding="UTF-8"?>
<!-- Generated by org.testng.reporters.JUnitReportReporter -->
<testsuite skipped="0" hostname="Gagan" name="com.ohm.Testcases.test_ohm_title" tests="3" failures="0" timestamp="25 Dec 2020 14:14:33 GMT" time="1.741" errors="0">
  <testcase name="verify_ohm_title" time="1.138" classname="com.ohm.Testcases.test_ohm_title"/>
  <testcase name="verify_ohm_Logo" time="0.272" classname="com.ohm.Testcases.test_ohm_title"/>
  <testcase name="verify_ohm_login_header" time="0.331" classname="com.ohm.Testcases.test_ohm_title"/>
</testsuite> <!-- com.ohm.Testcases.test_ohm_title -->
