<?xml version="1.0" encoding="UTF-8"?>
<!-- Generated by org.testng.reporters.JUnitReportReporter -->
<testsuite skipped="0" hostname="Gagan" name="com.ohm.Testcases.test_ohm_logintest" tests="4" failures="0" timestamp="25 Dec 2020 12:12:14 GMT" time="7.679" errors="0">
  <testcase name="verifyloginTest" time="1.556" classname="com.ohm.Testcases.test_ohm_logintest"/>
  <testcase name="verifyloginTest" time="1.311" classname="com.ohm.Testcases.test_ohm_logintest"/>
  <testcase name="verifyloginTest" time="2.083" classname="com.ohm.Testcases.test_ohm_logintest"/>
  <testcase name="verifyloginTest" time="2.729" classname="com.ohm.Testcases.test_ohm_logintest"/>
</testsuite> <!-- com.ohm.Testcases.test_ohm_logintest -->
