<?xml version="1.0" encoding="UTF-8"?>
<!-- Generated by org.testng.reporters.JUnitReportReporter -->
<testsuite skipped="0" hostname="Gagan" name="com.ohm.Testcases.test_ohm_title" tests="3" failures="0" timestamp="25 Dec 2020 12:15:21 GMT" time="2.374" errors="0">
  <testcase name="verify_ohm_title" time="0.537" classname="com.ohm.Testcases.test_ohm_title"/>
  <testcase name="verify_ohm_Logo" time="1.220" classname="com.ohm.Testcases.test_ohm_title"/>
  <testcase name="verify_ohm_login_header" time="0.617" classname="com.ohm.Testcases.test_ohm_title"/>
</testsuite> <!-- com.ohm.Testcases.test_ohm_title -->
